==============================================================================
Tests                                                                         
==============================================================================
Tests.ParcoursComplet :: Commande pour éxécuter le test : robot -d "Resulta...
==============================================================================
Ajouter un Employé                                                      
  Traceback (most recent call last):
    ~~~~~~~~~~~~~~~~~~~~~~~~~~~~~~~~~~~~~~~~~~~~~~~~~~~~~~~~~~~~~~~~~~~~~~~~~~
    File  C:\Formation\Robot FrameWork\OrangeHRM-5.7\tests\ParcoursComplet.robot:17
    T:  Ajouter un Employé    
    ~~~~~~~~~~~~~~~~~~~~~~~~~~~~~~~~~~~~~~~~~~~~~~~~~~~~~~~~~~~~~~~~~~~~~~~~~~
    File  C:\Formation\Robot FrameWork\OrangeHRM-5.7\tests\ParcoursComplet.robot:20
      addEmployes    ${firstName}    ${lastName}    ${nationalityId}
      |  ${firstName} = <Unable to define variable value>
      |  ${lastName} = <Unable to define variable value>
      |  ${nationalityId} = <Unable to define variable value>
______________________________________________________________________________
| FAIL |
No keyword with name 'addEmployes' found.
------------------------------------------------------------------------------
Tests.ParcoursComplet :: Commande pour éxécuter le test : robot -d... | FAIL |
1 test, 0 passed, 1 failed
==============================================================================
Tests                                                                 | FAIL |
1 test, 0 passed, 1 failed
==============================================================================
Output:  C:\Formation\Robot FrameWork\OrangeHRM-5.7\pabot_results\0\output.xml
